Oct 11 2018 10:40:03
{"type":8,"message":"Use of undefined constant direct - assumed 'direct'","file":"\/home\/tom\/www\/worldoftires.local\/wp-config.php","line":92}

Oct 11 2018 10:40:04
{"type":8,"message":"Use of undefined constant direct - assumed 'direct'","file":"\/home\/tom\/www\/worldoftires.local\/wp-config.php","line":92}

Oct 11 2018 10:40:04
{"type":8,"message":"Use of undefined constant direct - assumed 'direct'","file":"\/home\/tom\/www\/worldoftires.local\/wp-config.php","line":92}

Oct 11 2018 10:40:04
{"type":8,"message":"Use of undefined constant direct - assumed 'direct'","file":"\/home\/tom\/www\/worldoftires.local\/wp-config.php","line":92}

Oct 11 2018 10:40:04
{"type":8,"message":"Use of undefined constant direct - assumed 'direct'","file":"\/home\/tom\/www\/worldoftires.local\/wp-config.php","line":92}

Oct 11 2018 10:40:04
{"type":8,"message":"Use of undefined constant direct - assumed 'direct'","file":"\/home\/tom\/www\/worldoftires.local\/wp-config.php","line":92}

Oct 11 2018 10:40:04
{"type":8,"message":"Use of undefined constant direct - assumed 'direct'","file":"\/home\/tom\/www\/worldoftires.local\/wp-config.php","line":92}

Oct 11 2018 10:40:04
{"type":8,"message":"Use of undefined constant direct - assumed 'direct'","file":"\/home\/tom\/www\/worldoftires.local\/wp-config.php","line":92}

Oct 11 2018 10:40:04
{"type":8,"message":"Use of undefined constant direct - assumed 'direct'","file":"\/home\/tom\/www\/worldoftires.local\/wp-config.php","line":92}

Oct 11 2018 10:40:04
{"type":8,"message":"Use of undefined constant direct - assumed 'direct'","file":"\/home\/tom\/www\/worldoftires.local\/wp-config.php","line":92}

Oct 11 2018 10:40:04
{"type":8,"message":"Use of undefined constant direct - assumed 'direct'","file":"\/home\/tom\/www\/worldoftires.local\/wp-config.php","line":92}

Oct 11 2018 10:40:04
{"type":8,"message":"Use of undefined constant direct - assumed 'direct'","file":"\/home\/tom\/www\/worldoftires.local\/wp-config.php","line":92}

Oct 11 2018 10:40:04
{"type":8,"message":"Use of undefined constant direct - assumed 'direct'","file":"\/home\/tom\/www\/worldoftires.local\/wp-config.php","line":92}

Oct 11 2018 10:40:04
{"type":8,"message":"Use of undefined constant direct - assumed 'direct'","file":"\/home\/tom\/www\/worldoftires.local\/wp-config.php","line":92}

Oct 11 2018 10:40:04
{"type":8,"message":"Use of undefined constant direct - assumed 'direct'","file":"\/home\/tom\/www\/worldoftires.local\/wp-config.php","line":92}

Oct 11 2018 10:40:04
{"type":8,"message":"Use of undefined constant direct - assumed 'direct'","file":"\/home\/tom\/www\/worldoftires.local\/wp-config.php","line":92}

Oct 11 2018 10:40:04
{"type":8,"message":"Use of undefined constant direct - assumed 'direct'","file":"\/home\/tom\/www\/worldoftires.local\/wp-config.php","line":92}

Oct 11 2018 10:40:04
{"type":8,"message":"Use of undefined constant direct - assumed 'direct'","file":"\/home\/tom\/www\/worldoftires.local\/wp-config.php","line":92}

Oct 11 2018 10:40:04
{"type":8,"message":"Use of undefined constant direct - assumed 'direct'","file":"\/home\/tom\/www\/worldoftires.local\/wp-config.php","line":92}

Oct 11 2018 10:40:04
{"type":8,"message":"Use of undefined constant direct - assumed 'direct'","file":"\/home\/tom\/www\/worldoftires.local\/wp-config.php","line":92}

Oct 11 2018 10:40:04
{"type":8,"message":"Use of undefined constant direct - assumed 'direct'","file":"\/home\/tom\/www\/worldoftires.local\/wp-config.php","line":92}

Oct 11 2018 10:40:05
{"type":8,"message":"Use of undefined constant direct - assumed 'direct'","file":"\/home\/tom\/www\/worldoftires.local\/wp-config.php","line":92}

Oct 11 2018 10:40:05
{"type":8,"message":"Use of undefined constant direct - assumed 'direct'","file":"\/home\/tom\/www\/worldoftires.local\/wp-config.php","line":92}

Oct 11 2018 10:40:05
{"type":8,"message":"Use of undefined constant direct - assumed 'direct'","file":"\/home\/tom\/www\/worldoftires.local\/wp-config.php","line":92}

Oct 11 2018 10:40:05
{"type":8,"message":"Use of undefined constant direct - assumed 'direct'","file":"\/home\/tom\/www\/worldoftires.local\/wp-config.php","line":92}

Oct 11 2018 10:40:05
{"type":8,"message":"Use of undefined constant direct - assumed 'direct'","file":"\/home\/tom\/www\/worldoftires.local\/wp-config.php","line":92}

Oct 11 2018 10:40:05
{"type":8,"message":"Use of undefined constant direct - assumed 'direct'","file":"\/home\/tom\/www\/worldoftires.local\/wp-config.php","line":92}

Oct 11 2018 10:40:05
{"type":8,"message":"Use of undefined constant direct - assumed 'direct'","file":"\/home\/tom\/www\/worldoftires.local\/wp-config.php","line":92}

Oct 11 2018 10:40:05
{"type":8,"message":"Use of undefined constant direct - assumed 'direct'","file":"\/home\/tom\/www\/worldoftires.local\/wp-config.php","line":92}

Oct 11 2018 10:40:05
{"type":8,"message":"Use of undefined constant direct - assumed 'direct'","file":"\/home\/tom\/www\/worldoftires.local\/wp-config.php","line":92}

Oct 11 2018 10:40:05
{"type":8,"message":"Use of undefined constant direct - assumed 'direct'","file":"\/home\/tom\/www\/worldoftires.local\/wp-config.php","line":92}

Oct 11 2018 10:40:05
{"type":8,"message":"Use of undefined constant direct - assumed 'direct'","file":"\/home\/tom\/www\/worldoftires.local\/wp-config.php","line":92}

Oct 11 2018 10:40:05
{"type":8,"message":"Use of undefined constant direct - assumed 'direct'","file":"\/home\/tom\/www\/worldoftires.local\/wp-config.php","line":92}

Oct 11 2018 10:40:05
{"type":8,"message":"Use of undefined constant direct - assumed 'direct'","file":"\/home\/tom\/www\/worldoftires.local\/wp-config.php","line":92}

Oct 11 2018 10:40:05
{"type":8,"message":"Use of undefined constant direct - assumed 'direct'","file":"\/home\/tom\/www\/worldoftires.local\/wp-config.php","line":92}

Oct 11 2018 10:40:05
{"type":8,"message":"Use of undefined constant direct - assumed 'direct'","file":"\/home\/tom\/www\/worldoftires.local\/wp-config.php","line":92}

Oct 11 2018 10:40:05
{"type":8,"message":"Use of undefined constant direct - assumed 'direct'","file":"\/home\/tom\/www\/worldoftires.local\/wp-config.php","line":92}

Oct 11 2018 10:40:05
{"type":8,"message":"Use of undefined constant direct - assumed 'direct'","file":"\/home\/tom\/www\/worldoftires.local\/wp-config.php","line":92}

Oct 11 2018 10:40:05
{"type":8,"message":"Use of undefined constant direct - assumed 'direct'","file":"\/home\/tom\/www\/worldoftires.local\/wp-config.php","line":92}

Oct 11 2018 10:40:05
{"type":8,"message":"Use of undefined constant direct - assumed 'direct'","file":"\/home\/tom\/www\/worldoftires.local\/wp-config.php","line":92}

Oct 11 2018 10:40:05
{"type":8,"message":"Use of undefined constant direct - assumed 'direct'","file":"\/home\/tom\/www\/worldoftires.local\/wp-config.php","line":92}

Oct 11 2018 10:40:05
{"type":8,"message":"Use of undefined constant direct - assumed 'direct'","file":"\/home\/tom\/www\/worldoftires.local\/wp-config.php","line":92}

Oct 11 2018 10:40:05
{"type":8,"message":"Use of undefined constant direct - assumed 'direct'","file":"\/home\/tom\/www\/worldoftires.local\/wp-config.php","line":92}

Oct 11 2018 10:40:05
{"type":8,"message":"Use of undefined constant direct - assumed 'direct'","file":"\/home\/tom\/www\/worldoftires.local\/wp-config.php","line":92}

Oct 11 2018 10:40:06
{"type":8,"message":"Use of undefined constant direct - assumed 'direct'","file":"\/home\/tom\/www\/worldoftires.local\/wp-config.php","line":92}

Oct 11 2018 10:40:06
{"type":8,"message":"Use of undefined constant direct - assumed 'direct'","file":"\/home\/tom\/www\/worldoftires.local\/wp-config.php","line":92}

Oct 11 2018 10:40:06
{"type":8,"message":"Use of undefined constant direct - assumed 'direct'","file":"\/home\/tom\/www\/worldoftires.local\/wp-config.php","line":92}

Oct 11 2018 10:40:06
{"type":8,"message":"Use of undefined constant direct - assumed 'direct'","file":"\/home\/tom\/www\/worldoftires.local\/wp-config.php","line":92}

Oct 11 2018 10:40:06
{"type":8,"message":"Use of undefined constant direct - assumed 'direct'","file":"\/home\/tom\/www\/worldoftires.local\/wp-config.php","line":92}

Oct 11 2018 10:40:06
{"type":8,"message":"Use of undefined constant direct - assumed 'direct'","file":"\/home\/tom\/www\/worldoftires.local\/wp-config.php","line":92}

Oct 11 2018 10:40:06
{"type":8,"message":"Use of undefined constant direct - assumed 'direct'","file":"\/home\/tom\/www\/worldoftires.local\/wp-config.php","line":92}

Oct 11 2018 10:40:07
{"type":8,"message":"Use of undefined constant direct - assumed 'direct'","file":"\/home\/tom\/www\/worldoftires.local\/wp-config.php","line":92}

Oct 11 2018 10:40:08
{"type":8,"message":"Use of undefined constant direct - assumed 'direct'","file":"\/home\/tom\/www\/worldoftires.local\/wp-config.php","line":92}

Oct 11 2018 10:41:12
{"type":8,"message":"Use of undefined constant direct - assumed 'direct'","file":"\/home\/tom\/www\/worldoftires.local\/wp-config.php","line":92}

Oct 11 2018 10:41:12
{"type":8,"message":"Use of undefined constant direct - assumed 'direct'","file":"\/home\/tom\/www\/worldoftires.local\/wp-config.php","line":92}

Oct 11 2018 10:41:13
{"Number":2,"Message":"touch(): Utime failed: Operation not permitted","File":"\/home\/tom\/www\/worldoftires.local\/wp-content\/plugins\/all-in-one-wp-migration\/lib\/vendor\/servmask\/archiver\/class-ai1wm-extractor.php","Line":470}

Oct 11 2018 10:41:13
{"Number":2,"Message":"chmod(): Operation not permitted","File":"\/home\/tom\/www\/worldoftires.local\/wp-content\/plugins\/all-in-one-wp-migration\/lib\/vendor\/servmask\/archiver\/class-ai1wm-extractor.php","Line":473}

Oct 11 2018 10:41:13
{"Number":2,"Message":"fopen(\/home\/tom\/www\/worldoftires.local\/wp-content\/index.php): failed to open stream: Permission denied","File":"\/home\/tom\/www\/worldoftires.local\/wp-content\/plugins\/all-in-one-wp-migration\/lib\/vendor\/servmask\/archiver\/class-ai1wm-extractor.php","Line":422}

Oct 11 2018 10:41:13
{"Number":2,"Message":"touch(): Utime failed: Operation not permitted","File":"\/home\/tom\/www\/worldoftires.local\/wp-content\/plugins\/all-in-one-wp-migration\/lib\/vendor\/servmask\/archiver\/class-ai1wm-extractor.php","Line":470}

Oct 11 2018 10:41:13
{"Number":2,"Message":"chmod(): Operation not permitted","File":"\/home\/tom\/www\/worldoftires.local\/wp-content\/plugins\/all-in-one-wp-migration\/lib\/vendor\/servmask\/archiver\/class-ai1wm-extractor.php","Line":473}

Oct 11 2018 10:41:18
{"type":8,"message":"Use of undefined constant direct - assumed 'direct'","file":"\/home\/tom\/www\/worldoftires.local\/wp-config.php","line":92}

Oct 11 2018 10:41:18
{"type":8,"message":"Use of undefined constant direct - assumed 'direct'","file":"\/home\/tom\/www\/worldoftires.local\/wp-config.php","line":92}

Oct 11 2018 10:41:28
{"type":8,"message":"Use of undefined constant direct - assumed 'direct'","file":"\/home\/tom\/www\/worldoftires.local\/wp-config.php","line":92}

Oct 11 2018 10:41:34
{"type":8,"message":"Use of undefined constant direct - assumed 'direct'","file":"\/home\/tom\/www\/worldoftires.local\/wp-config.php","line":92}

Oct 11 2018 10:41:34
{"type":8,"message":"Use of undefined constant direct - assumed 'direct'","file":"\/home\/tom\/www\/worldoftires.local\/wp-config.php","line":92}

Oct 11 2018 10:41:35
{"type":8,"message":"Use of undefined constant direct - assumed 'direct'","file":"\/home\/tom\/www\/worldoftires.local\/wp-config.php","line":92}

Nov 07 2018 13:27:59
{"type":8,"message":"Use of undefined constant direct - assumed 'direct'","file":"\/home\/tom\/www\/groupbreakchecklists\/wp-config.php","line":91}

Feb 24 2020 09:13:49
{"Number":2,"Message":"unlink(C:\\xampp\\htdocs\\uborka\\wp-content\\plugins\\all-in-one-wp-migration\\storage\\0xkjec692un2\\filemap.list): Resource temporarily unavailable","File":"C:\\xampp\\htdocs\\uborka\\wp-content\\plugins\\all-in-one-wp-migration\\lib\\vendor\\servmask\\filesystem\\class-ai1wm-directory.php","Line":56}

Feb 24 2020 09:13:49
{"Number":2,"Message":"unlink(C:\\xampp\\htdocs\\uborka\\wp-content\\plugins\\all-in-one-wp-migration\\storage\\0xkjec692un2\\localhost-uborka-20200224-091339-391.wpress): Resource temporarily unavailable","File":"C:\\xampp\\htdocs\\uborka\\wp-content\\plugins\\all-in-one-wp-migration\\lib\\vendor\\servmask\\filesystem\\class-ai1wm-directory.php","Line":56}

Feb 24 2020 09:13:49
{"Number":2,"Message":"rmdir(C:\\xampp\\htdocs\\uborka\\wp-content\\plugins\\all-in-one-wp-migration\\storage\\0xkjec692un2): Directory not empty","File":"C:\\xampp\\htdocs\\uborka\\wp-content\\plugins\\all-in-one-wp-migration\\lib\\vendor\\servmask\\filesystem\\class-ai1wm-directory.php","Line":60}

Mar 25 2020 10:11:20
{"Number":2,"Message":"unlink(C:\\xampp\\htdocs\\kremaciya\\wp-content\\plugins\\all-in-one-wp-migration\\storage\\qt1133o8knwy\\filemap.list): Resource temporarily unavailable","File":"C:\\xampp\\htdocs\\kremaciya\\wp-content\\plugins\\all-in-one-wp-migration\\lib\\vendor\\servmask\\filesystem\\class-ai1wm-directory.php","Line":56}

Mar 25 2020 10:11:20
{"Number":2,"Message":"unlink(C:\\xampp\\htdocs\\kremaciya\\wp-content\\plugins\\all-in-one-wp-migration\\storage\\qt1133o8knwy\\localhost-kremaciya-20200325-101041-472.wpress): Resource temporarily unavailable","File":"C:\\xampp\\htdocs\\kremaciya\\wp-content\\plugins\\all-in-one-wp-migration\\lib\\vendor\\servmask\\filesystem\\class-ai1wm-directory.php","Line":56}

Mar 25 2020 10:11:20
{"Number":2,"Message":"rmdir(C:\\xampp\\htdocs\\kremaciya\\wp-content\\plugins\\all-in-one-wp-migration\\storage\\qt1133o8knwy): Directory not empty","File":"C:\\xampp\\htdocs\\kremaciya\\wp-content\\plugins\\all-in-one-wp-migration\\lib\\vendor\\servmask\\filesystem\\class-ai1wm-directory.php","Line":60}

